  Assembling P0_plantilla.asm...
  Assembling P10_recorridoArregloB.asm...
  Assembling P11_copiarCadena.asm...
  Assembling P12_compararCadenas.asm...
  Assembling P13_buscarEnCadena.asm...
  Assembling P14_indiceCaracterEnCadena.asm...
  Assembling P15_almacenaCaraacterEnCadena.asm...
  Assembling P1_introArreglos.asm...
  Assembling P3_acceso_arreglos.asm...
  Assembling P2_registro_esi.asm...
  Assembling P4_modificar_arreglo.asm...
  Assembling P5_recorrido_arreglo.asm...
  Assembling P6_arreglos_dword.asm...
  Assembling P7_accesoPosNdeArreglo.asm...
  Assembling P8_introArreglosBidimensionales.asm...
  Assembling P9_accesoPosNdeArregloB.asm...
P0_plantilla.obj : warning LNK4258: la directiva '/ENTRY:main@0' no es compatible con el modificador '/ENTRY:main15'; se ha omitido
P10_recorridoArregloB.obj : warning LNK4258: la directiva '/ENTRY:main10@0' no es compatible con el modificador '/ENTRY:main15'; se ha omitido
P11_copiarCadena.obj : warning LNK4258: la directiva '/ENTRY:main11@0' no es compatible con el modificador '/ENTRY:main15'; se ha omitido
P12_compararCadenas.obj : warning LNK4258: la directiva '/ENTRY:main12@0' no es compatible con el modificador '/ENTRY:main15'; se ha omitido
P13_buscarEnCadena.obj : warning LNK4258: la directiva '/ENTRY:main13@0' no es compatible con el modificador '/ENTRY:main15'; se ha omitido
P14_indiceCaracterEnCadena.obj : warning LNK4258: la directiva '/ENTRY:main14@0' no es compatible con el modificador '/ENTRY:main15'; se ha omitido
P15_almacenaCaraacterEnCadena.obj : warning LNK4258: la directiva '/ENTRY:main15@0' no es compatible con el modificador '/ENTRY:main15'; se ha omitido
P1_introArreglos.obj : warning LNK4258: la directiva '/ENTRY:main1@0' no es compatible con el modificador '/ENTRY:main15'; se ha omitido
P3_acceso_arreglos.obj : warning LNK4258: la directiva '/ENTRY:main3@0' no es compatible con el modificador '/ENTRY:main15'; se ha omitido
P2_registro_esi.obj : warning LNK4258: la directiva '/ENTRY:main2@0' no es compatible con el modificador '/ENTRY:main15'; se ha omitido
P4_modificar_arreglo.obj : warning LNK4258: la directiva '/ENTRY:main4@0' no es compatible con el modificador '/ENTRY:main15'; se ha omitido
P5_recorrido_arreglo.obj : warning LNK4258: la directiva '/ENTRY:main5@0' no es compatible con el modificador '/ENTRY:main15'; se ha omitido
P6_arreglos_dword.obj : warning LNK4258: la directiva '/ENTRY:main6@0' no es compatible con el modificador '/ENTRY:main15'; se ha omitido
P7_accesoPosNdeArreglo.obj : warning LNK4258: la directiva '/ENTRY:main7@0' no es compatible con el modificador '/ENTRY:main15'; se ha omitido
P8_introArreglosBidimensionales.obj : warning LNK4258: la directiva '/ENTRY:main8@0' no es compatible con el modificador '/ENTRY:main15'; se ha omitido
P9_accesoPosNdeArregloB.obj : warning LNK4258: la directiva '/ENTRY:main9@0' no es compatible con el modificador '/ENTRY:main15'; se ha omitido
  PM_0_ProgramacionClaseU4.vcxproj -> C:\Users\Gustavo\Downloads\ao1 Programacion de Microprocesadores\PM_0_ProgramacionClaseU4\Debug\PM_0_ProgramacionClaseU4.exe
